<?xml version="1.0" encoding="utf-8"?>
<CoverageSession xmlns:xsd="http://www.w3.org/2001/XMLSchema" xmlns:xsi="http://www.w3.org/2001/XMLSchema-instance">
  <Summary numSequencePoints="107" visitedSequencePoints="83" numBranchPoints="71" visitedBranchPoints="53" sequenceCoverage="77.57" branchCoverage="74.65" maxCyclomaticComplexity="6" minCyclomaticComplexity="1" visitedClasses="4" numClasses="4" visitedMethods="41" numMethods="51" />
  <Modules>
    <Module skippedDueTo="Filter" hash="98-23-0F-C8-CC-3A-21-FE-6F-E0-A9-97-6A-5C-D9-79-8D-83-61-D8">
      <ModulePath>C:\WINDOWS\Microsoft.Net\assembly\GAC_64\mscorlib\v4.0_4.0.0.0__b77a5c561934e089\mscorlib.dll</ModulePath>
      <ModuleTime>2015-12-07T01:52:12.3124884Z</ModuleTime>
      <ModuleName>mscorlib</ModuleName>
      <Classes />
    </Module>
    <Module skippedDueTo="MissingPdb" hash="A2-D1-55-AA-16-B0-25-83-4D-9C-49-66-8B-84-5A-7D-78-2C-EA-C1">
      <ModulePath>C:\Users\Patrick\Github\SharpGeometry\Source\packages\NUnit.Console.3.0.1\tools\nunit3-console.exe</ModulePath>
      <ModuleTime>2016-03-02T22:37:29.2111623Z</ModuleTime>
      <ModuleName>nunit3-console</ModuleName>
      <Classes />
    </Module>
    <Module skippedDueTo="Filter" hash="14-EE-03-D7-75-4C-A4-7D-7D-56-1B-38-DD-F3-EE-4C-FD-B8-7F-75">
      <ModulePath>C:\WINDOWS\Microsoft.Net\assembly\GAC_MSIL\System\v4.0_4.0.0.0__b77a5c561934e089\System.dll</ModulePath>
      <ModuleTime>2015-10-30T07:19:38.0807661Z</ModuleTime>
      <ModuleName>System</ModuleName>
      <Classes />
    </Module>
    <Module skippedDueTo="MissingPdb" hash="01-1E-2B-2F-B0-E1-27-09-9F-B5-76-AA-05-24-FC-3A-42-E5-97-A4">
      <ModulePath>C:\Users\Patrick\Github\SharpGeometry\Source\packages\NUnit.Console.3.0.1\tools\nunit.engine.api.dll</ModulePath>
      <ModuleTime>2016-03-02T22:37:29.1801241Z</ModuleTime>
      <ModuleName>nunit.engine.api</ModuleName>
      <Classes />
    </Module>
    <Module skippedDueTo="MissingPdb" hash="AB-0D-F2-3F-C0-76-04-4D-C6-65-B7-47-37-C5-EC-DD-FF-4D-5F-C1">
      <ModulePath>C:\Users\Patrick\Github\SharpGeometry\Source\packages\NUnit.Console.3.0.1\tools\nunit.engine.dll</ModulePath>
      <ModuleTime>2016-03-02T22:37:29.1961352Z</ModuleTime>
      <ModuleName>nunit.engine</ModuleName>
      <Classes />
    </Module>
    <Module skippedDueTo="MissingPdb" hash="AB-0D-F2-3F-C0-76-04-4D-C6-65-B7-47-37-C5-EC-DD-FF-4D-5F-C1">
      <ModulePath>C:\Users\Patrick\Github\SharpGeometry\Source\packages\NUnit.Console.3.0.1\tools\nunit.engine.dll</ModulePath>
      <ModuleTime>2016-03-02T22:37:29.1961352Z</ModuleTime>
      <ModuleName>nunit.engine</ModuleName>
      <Classes />
    </Module>
    <Module skippedDueTo="Filter" hash="14-44-50-38-34-98-5F-C6-45-8B-50-B5-CF-D7-E1-0A-28-8F-5E-E8">
      <ModulePath>C:\WINDOWS\Microsoft.Net\assembly\GAC_MSIL\System.Xml\v4.0_4.0.0.0__b77a5c561934e089\System.Xml.dll</ModulePath>
      <ModuleTime>2016-01-23T02:45:41.3556585Z</ModuleTime>
      <ModuleName>System.Xml</ModuleName>
      <Classes />
    </Module>
    <Module skippedDueTo="Filter" hash="1B-0C-C3-F2-9F-9D-FA-A0-48-C8-1D-B5-D5-A1-D4-7F-CB-CB-94-2F">
      <ModulePath>C:\WINDOWS\Microsoft.Net\assembly\GAC_64\System.Web\v4.0_4.0.0.0__b03f5f7f11d50a3a\System.Web.dll</ModulePath>
      <ModuleTime>2015-10-30T07:19:36.1276471Z</ModuleTime>
      <ModuleName>System.Web</ModuleName>
      <Classes />
    </Module>
    <Module skippedDueTo="MissingPdb" hash="8A-2E-8F-D6-9D-39-02-4A-2F-30-FC-06-42-F7-0F-A8-32-69-07-72">
      <ModulePath>C:\Users\Patrick\Github\SharpGeometry\Source\packages\NUnit.Console.3.0.1\tools\Mono.Cecil.dll</ModulePath>
      <ModuleTime>2016-03-02T22:37:29.1500785Z</ModuleTime>
      <ModuleName>Mono.Cecil</ModuleName>
      <Classes />
    </Module>
    <Module skippedDueTo="Filter" hash="9C-FE-E2-A6-9F-FD-D5-B5-60-E4-1D-A6-78-A7-71-C0-A5-E7-22-B1">
      <ModulePath>C:\WINDOWS\Microsoft.Net\assembly\GAC_MSIL\System.Runtime.Remoting\v4.0_4.0.0.0__b77a5c561934e089\System.Runtime.Remoting.dll</ModulePath>
      <ModuleTime>2015-10-30T07:19:38.0026412Z</ModuleTime>
      <ModuleName>System.Runtime.Remoting</ModuleName>
      <Classes />
    </Module>
    <Module skippedDueTo="Filter" hash="49-F6-B9-FA-89-1F-12-21-02-F2-B4-EB-98-8E-A0-5F-9D-8D-B9-EB">
      <ModulePath>C:\WINDOWS\Microsoft.Net\assembly\GAC_MSIL\System.Configuration\v4.0_4.0.0.0__b03f5f7f11d50a3a\System.Configuration.dll</ModulePath>
      <ModuleTime>2015-10-30T07:19:36.3463962Z</ModuleTime>
      <ModuleName>System.Configuration</ModuleName>
      <Classes />
    </Module>
    <Module skippedDueTo="MissingPdb" hash="4A-AB-3A-52-F7-86-59-EE-05-10-87-03-2E-4D-3A-36-AC-C6-01-07">
      <ModulePath>C:\Users\Patrick\Github\SharpGeometry\Source\packages\NUnit.Console.3.0.1\tools\addins\vs-project-loader.dll</ModulePath>
      <ModuleTime>2016-03-02T22:37:29.2717957Z</ModuleTime>
      <ModuleName>vs-project-loader</ModuleName>
      <Classes />
    </Module>
    <Module skippedDueTo="Filter" hash="98-23-0F-C8-CC-3A-21-FE-6F-E0-A9-97-6A-5C-D9-79-8D-83-61-D8">
      <ModulePath>C:\WINDOWS\Microsoft.Net\assembly\GAC_64\mscorlib\v4.0_4.0.0.0__b77a5c561934e089\mscorlib.dll</ModulePath>
      <ModuleTime>2015-12-07T01:52:12.3124884Z</ModuleTime>
      <ModuleName>mscorlib</ModuleName>
      <Classes />
    </Module>
    <Module skippedDueTo="MissingPdb" hash="F3-B4-92-C3-8F-38-B5-60-40-1E-E2-34-0E-37-2E-20-B5-58-BD-A5">
      <ModulePath>C:\Users\Patrick\Github\SharpGeometry\Source\packages\NUnit.Console.3.0.1\tools\nunit-agent.exe</ModulePath>
      <ModuleTime>2016-03-02T22:37:29.1691104Z</ModuleTime>
      <ModuleName>nunit-agent</ModuleName>
      <Classes />
    </Module>
    <Module skippedDueTo="MissingPdb" hash="AB-0D-F2-3F-C0-76-04-4D-C6-65-B7-47-37-C5-EC-DD-FF-4D-5F-C1">
      <ModulePath>C:\Users\Patrick\Github\SharpGeometry\Source\packages\NUnit.Console.3.0.1\tools\nunit.engine.dll</ModulePath>
      <ModuleTime>2016-03-02T22:37:29.1961352Z</ModuleTime>
      <ModuleName>nunit.engine</ModuleName>
      <Classes />
    </Module>
    <Module skippedDueTo="MissingPdb" hash="01-1E-2B-2F-B0-E1-27-09-9F-B5-76-AA-05-24-FC-3A-42-E5-97-A4">
      <ModulePath>C:\Users\Patrick\Github\SharpGeometry\Source\packages\NUnit.Console.3.0.1\tools\nunit.engine.api.dll</ModulePath>
      <ModuleTime>2016-03-02T22:37:29.1801241Z</ModuleTime>
      <ModuleName>nunit.engine.api</ModuleName>
      <Classes />
    </Module>
    <Module skippedDueTo="Filter" hash="9C-FE-E2-A6-9F-FD-D5-B5-60-E4-1D-A6-78-A7-71-C0-A5-E7-22-B1">
      <ModulePath>C:\WINDOWS\Microsoft.Net\assembly\GAC_MSIL\System.Runtime.Remoting\v4.0_4.0.0.0__b77a5c561934e089\System.Runtime.Remoting.dll</ModulePath>
      <ModuleTime>2015-10-30T07:19:38.0026412Z</ModuleTime>
      <ModuleName>System.Runtime.Remoting</ModuleName>
      <Classes />
    </Module>
    <Module skippedDueTo="Filter" hash="14-EE-03-D7-75-4C-A4-7D-7D-56-1B-38-DD-F3-EE-4C-FD-B8-7F-75">
      <ModulePath>C:\WINDOWS\Microsoft.Net\assembly\GAC_MSIL\System\v4.0_4.0.0.0__b77a5c561934e089\System.dll</ModulePath>
      <ModuleTime>2015-10-30T07:19:38.0807661Z</ModuleTime>
      <ModuleName>System</ModuleName>
      <Classes />
    </Module>
    <Module skippedDueTo="Filter" hash="14-44-50-38-34-98-5F-C6-45-8B-50-B5-CF-D7-E1-0A-28-8F-5E-E8">
      <ModulePath>C:\WINDOWS\Microsoft.Net\assembly\GAC_MSIL\System.Xml\v4.0_4.0.0.0__b77a5c561934e089\System.Xml.dll</ModulePath>
      <ModuleTime>2016-01-23T02:45:41.3556585Z</ModuleTime>
      <ModuleName>System.Xml</ModuleName>
      <Classes />
    </Module>
    <Module skippedDueTo="Filter" hash="1B-0C-C3-F2-9F-9D-FA-A0-48-C8-1D-B5-D5-A1-D4-7F-CB-CB-94-2F">
      <ModulePath>C:\WINDOWS\Microsoft.Net\assembly\GAC_64\System.Web\v4.0_4.0.0.0__b03f5f7f11d50a3a\System.Web.dll</ModulePath>
      <ModuleTime>2015-10-30T07:19:36.1276471Z</ModuleTime>
      <ModuleName>System.Web</ModuleName>
      <Classes />
    </Module>
    <Module skippedDueTo="MissingPdb" hash="8A-2E-8F-D6-9D-39-02-4A-2F-30-FC-06-42-F7-0F-A8-32-69-07-72">
      <ModulePath>C:\Users\Patrick\Github\SharpGeometry\Source\packages\NUnit.Console.3.0.1\tools\Mono.Cecil.dll</ModulePath>
      <ModuleTime>2016-03-02T22:37:29.1500785Z</ModuleTime>
      <ModuleName>Mono.Cecil</ModuleName>
      <Classes />
    </Module>
    <Module skippedDueTo="Filter" hash="49-F6-B9-FA-89-1F-12-21-02-F2-B4-EB-98-8E-A0-5F-9D-8D-B9-EB">
      <ModulePath>C:\WINDOWS\Microsoft.Net\assembly\GAC_MSIL\System.Configuration\v4.0_4.0.0.0__b03f5f7f11d50a3a\System.Configuration.dll</ModulePath>
      <ModuleTime>2015-10-30T07:19:36.3463962Z</ModuleTime>
      <ModuleName>System.Configuration</ModuleName>
      <Classes />
    </Module>
    <Module skippedDueTo="MissingPdb" hash="AB-0D-F2-3F-C0-76-04-4D-C6-65-B7-47-37-C5-EC-DD-FF-4D-5F-C1">
      <ModulePath>C:\Users\Patrick\Github\SharpGeometry\Source\packages\NUnit.Console.3.0.1\tools\nunit.engine.dll</ModulePath>
      <ModuleTime>2016-03-02T22:37:29.1961352Z</ModuleTime>
      <ModuleName>nunit.engine</ModuleName>
      <Classes />
    </Module>
    <Module skippedDueTo="MissingPdb" hash="01-1E-2B-2F-B0-E1-27-09-9F-B5-76-AA-05-24-FC-3A-42-E5-97-A4">
      <ModulePath>C:\Users\Patrick\Github\SharpGeometry\Source\packages\NUnit.Console.3.0.1\tools\nunit.engine.api.dll</ModulePath>
      <ModuleTime>2016-03-02T22:37:29.1801241Z</ModuleTime>
      <ModuleName>nunit.engine.api</ModuleName>
      <Classes />
    </Module>
    <Module skippedDueTo="Filter" hash="0D-C7-60-EE-EA-97-23-D4-4E-B0-A1-DC-74-57-05-FE-A9-8B-64-EC">
      <ModulePath>C:\Users\Patrick\Github\SharpGeometry\Source\SharpGeometry.Tests\bin\Release\SharpGeometry.Tests.dll</ModulePath>
      <ModuleTime>2016-03-04T21:02:06.1456082Z</ModuleTime>
      <ModuleName>SharpGeometry.Tests</ModuleName>
      <Classes />
    </Module>
    <Module skippedDueTo="MissingPdb" hash="00-59-52-F7-F5-CD-AF-CB-91-80-2E-6C-08-2C-26-AC-3F-47-FE-65">
      <ModulePath>C:\Users\Patrick\Github\SharpGeometry\Source\SharpGeometry.Tests\bin\Release\nunit.framework.dll</ModulePath>
      <ModuleTime>2016-02-20T20:52:25.079005Z</ModuleTime>
      <ModuleName>nunit.framework</ModuleName>
      <Classes />
    </Module>
    <Module skippedDueTo="Filter" hash="14-EE-03-D7-75-4C-A4-7D-7D-56-1B-38-DD-F3-EE-4C-FD-B8-7F-75">
      <ModulePath>C:\WINDOWS\Microsoft.Net\assembly\GAC_MSIL\System\v4.0_4.0.0.0__b77a5c561934e089\System.dll</ModulePath>
      <ModuleTime>2015-10-30T07:19:38.0807661Z</ModuleTime>
      <ModuleName>System</ModuleName>
      <Classes />
    </Module>
    <Module skippedDueTo="Filter" hash="1B-0C-C3-F2-9F-9D-FA-A0-48-C8-1D-B5-D5-A1-D4-7F-CB-CB-94-2F">
      <ModulePath>C:\WINDOWS\Microsoft.Net\assembly\GAC_64\System.Web\v4.0_4.0.0.0__b03f5f7f11d50a3a\System.Web.dll</ModulePath>
      <ModuleTime>2015-10-30T07:19:36.1276471Z</ModuleTime>
      <ModuleName>System.Web</ModuleName>
      <Classes />
    </Module>
    <Module skippedDueTo="Filter" hash="0D-C7-60-EE-EA-97-23-D4-4E-B0-A1-DC-74-57-05-FE-A9-8B-64-EC">
      <ModulePath>C:\Users\Patrick\Github\SharpGeometry\Source\SharpGeometry.Tests\bin\Release\SharpGeometry.Tests.dll</ModulePath>
      <ModuleTime>2016-03-04T21:02:06.1456082Z</ModuleTime>
      <ModuleName>SharpGeometry.Tests</ModuleName>
      <Classes />
    </Module>
    <Module hash="0C-1A-A0-F2-EE-0A-AE-39-A8-A2-EC-B3-3B-6D-68-E5-DC-92-9D-0E">
      <Summary numSequencePoints="107" visitedSequencePoints="83" numBranchPoints="71" visitedBranchPoints="53" sequenceCoverage="77.57" branchCoverage="74.65" maxCyclomaticComplexity="6" minCyclomaticComplexity="1" visitedClasses="4" numClasses="4" visitedMethods="41" numMethods="51" />
      <ModulePath>C:\Users\Patrick\Github\SharpGeometry\Source\SharpGeometry.Tests\bin\Release\SharpGeometry.dll</ModulePath>
      <ModuleTime>2016-03-04T21:02:04.3012458Z</ModuleTime>
      <ModuleName>SharpGeometry</ModuleName>
      <Files>
        <File uid="1" fullPath="C:\Users\Patrick\Github\SharpGeometry\Source\SharpGeometry\Point3D.cs" />
        <File uid="2" fullPath="C:\Users\Patrick\Github\SharpGeometry\Source\SharpGeometry\Vector3D.cs" />
        <File uid="3" fullPath="C:\Users\Patrick\Github\SharpGeometry\Source\SharpGeometry\EqualityComparer\Point3DComparer.cs" />
        <File uid="4" fullPath="C:\Users\Patrick\Github\SharpGeometry\Source\SharpGeometry\EqualityComparer\Vector3DComparer.cs" />
      </Files>
      <Classes>
        <Class>
          <Summary numSequencePoints="0" visitedSequencePoints="0" numBranchPoints="0" visitedBranchPoints="0" sequenceCoverage="0" branchCoverage="0" maxCyclomaticComplexity="0" minCyclomaticComplexity="0" visitedClasses="0" numClasses="0" visitedMethods="0" numMethods="0" />
          <FullName>&lt;Module&gt;</FullName>
          <Methods />
        </Class>
        <Class>
          <Summary numSequencePoints="40" visitedSequencePoints="28" numBranchPoints="24" visitedBranchPoints="15" sequenceCoverage="70" branchCoverage="62.5" maxCyclomaticComplexity="6" minCyclomaticComplexity="1" visitedClasses="1" numClasses="1" visitedMethods="15" numMethods="20" />
          <FullName>SharpGeometry.Point3D</FullName>
          <Methods>
            <Method visited="true" cyclomaticComplexity="1" nPathComplexity="0" sequenceCoverage="100" branchCoverage="100" isConstructor="false" isStatic="false" isGetter="true" isSetter="false">
              <Summary numSequencePoints="1" visitedSequencePoints="1" numBranchPoints="1" visitedBranchPoints="1" sequenceCoverage="100" branchCoverage="100" maxCyclomaticComplexity="1" minCyclomaticComplexity="1" visitedClasses="0" numClasses="0" visitedMethods="1" numMethods="1" />
              <MetadataToken>100663299</MetadataToken>
              <Name>System.Double SharpGeometry.Point3D::get_X()</Name>
              <FileRef uid="1" />
              <SequencePoints>
                <SequencePoint vc="26621186" uspid="1" ordinal="0" offset="0" sl="65" sc="28" el="65" ec="35" bec="0" bev="0" fileid="1" />
              </SequencePoints>
              <BranchPoints />
              <MethodPoint xsi:type="SequencePoint" vc="26621186" uspid="1" ordinal="0" offset="0" sl="65" sc="28" el="65" ec="35" bec="0" bev="0" fileid="1" />
            </Method>
            <Method visited="true" cyclomaticComplexity="1" nPathComplexity="0" sequenceCoverage="100" branchCoverage="100" isConstructor="false" isStatic="false" isGetter="true" isSetter="false">
              <Summary numSequencePoints="1" visitedSequencePoints="1" numBranchPoints="1" visitedBranchPoints="1" sequenceCoverage="100" branchCoverage="100" maxCyclomaticComplexity="1" minCyclomaticComplexity="1" visitedClasses="0" numClasses="0" visitedMethods="1" numMethods="1" />
              <MetadataToken>100663300</MetadataToken>
              <Name>System.Double SharpGeometry.Point3D::get_Y()</Name>
              <FileRef uid="1" />
              <SequencePoints>
                <SequencePoint vc="4897012" uspid="2" ordinal="0" offset="0" sl="70" sc="28" el="70" ec="35" bec="0" bev="0" fileid="1" />
              </SequencePoints>
              <BranchPoints />
              <MethodPoint xsi:type="SequencePoint" vc="4897012" uspid="2" ordinal="0" offset="0" sl="70" sc="28" el="70" ec="35" bec="0" bev="0" fileid="1" />
            </Method>
            <Method visited="true" cyclomaticComplexity="1" nPathComplexity="0" sequenceCoverage="100" branchCoverage="100" isConstructor="false" isStatic="false" isGetter="true" isSetter="false">
              <Summary numSequencePoints="1" visitedSequencePoints="1" numBranchPoints="1" visitedBranchPoints="1" sequenceCoverage="100" branchCoverage="100" maxCyclomaticComplexity="1" minCyclomaticComplexity="1" visitedClasses="0" numClasses="0" visitedMethods="1" numMethods="1" />
              <MetadataToken>100663301</MetadataToken>
              <Name>System.Double SharpGeometry.Point3D::get_Z()</Name>
              <FileRef uid="1" />
              <SequencePoints>
                <SequencePoint vc="1018866" uspid="3" ordinal="0" offset="0" sl="75" sc="28" el="75" ec="35" bec="0" bev="0" fileid="1" />
              </SequencePoints>
              <BranchPoints />
              <MethodPoint xsi:type="SequencePoint" vc="1018866" uspid="3" ordinal="0" offset="0" sl="75" sc="28" el="75" ec="35" bec="0" bev="0" fileid="1" />
            </Method>
            <Method visited="true" cyclomaticComplexity="1" nPathComplexity="0" sequenceCoverage="100" branchCoverage="100" isConstructor="true" isStatic="false" isGetter="false" isSetter="false">
              <Summary numSequencePoints="4" visitedSequencePoints="4" numBranchPoints="1" visitedBranchPoints="1" sequenceCoverage="100" branchCoverage="100" maxCyclomaticComplexity="1" minCyclomaticComplexity="1" visitedClasses="0" numClasses="0" visitedMethods="1" numMethods="1" />
              <MetadataToken>100663297</MetadataToken>
              <Name>System.Void SharpGeometry.Point3D::.ctor(System.Double,System.Double,System.Double)</Name>
              <FileRef uid="1" />
              <SequencePoints>
                <SequencePoint vc="100018" uspid="4" ordinal="0" offset="0" sl="37" sc="13" el="37" ec="25" bec="0" bev="0" fileid="1" />
                <SequencePoint vc="100018" uspid="5" ordinal="1" offset="7" sl="38" sc="13" el="38" ec="25" bec="0" bev="0" fileid="1" />
                <SequencePoint vc="100018" uspid="6" ordinal="2" offset="14" sl="39" sc="13" el="39" ec="25" bec="0" bev="0" fileid="1" />
                <SequencePoint vc="100018" uspid="7" ordinal="3" offset="21" sl="40" sc="9" el="40" ec="10" bec="0" bev="0" fileid="1" />
              </SequencePoints>
              <BranchPoints />
              <MethodPoint xsi:type="SequencePoint" vc="100018" uspid="4" ordinal="0" offset="0" sl="37" sc="13" el="37" ec="25" bec="0" bev="0" fileid="1" />
            </Method>
            <Method visited="false" cyclomaticComplexity="3" nPathComplexity="4" sequenceCoverage="0" branchCoverage="0" isConstructor="true" isStatic="false" isGetter="false" isSetter="false">
              <Summary numSequencePoints="8" visitedSequencePoints="0" numBranchPoints="5" visitedBranchPoints="0" sequenceCoverage="0" branchCoverage="0" maxCyclomaticComplexity="3" minCyclomaticComplexity="3" visitedClasses="0" numClasses="0" visitedMethods="0" numMethods="1" />
              <MetadataToken>100663298</MetadataToken>
              <Name>System.Void SharpGeometry.Point3D::.ctor(System.Double[])</Name>
              <FileRef uid="1" />
              <SequencePoints>
                <SequencePoint vc="0" uspid="8" ordinal="0" offset="0" sl="48" sc="13" el="48" ec="32" bec="2" bev="0" fileid="1" />
                <SequencePoint vc="0" uspid="9" ordinal="1" offset="3" sl="50" sc="17" el="50" ec="65" bec="0" bev="0" fileid="1" />
                <SequencePoint vc="0" uspid="10" ordinal="2" offset="14" sl="52" sc="13" el="52" ec="36" bec="2" bev="0" fileid="1" />
                <SequencePoint vc="0" uspid="11" ordinal="3" offset="20" sl="54" sc="17" el="54" ec="133" bec="0" bev="0" fileid="1" />
                <SequencePoint vc="0" uspid="12" ordinal="4" offset="58" sl="56" sc="13" el="56" ec="33" bec="0" bev="0" fileid="1" />
                <SequencePoint vc="0" uspid="13" ordinal="5" offset="67" sl="57" sc="13" el="57" ec="33" bec="0" bev="0" fileid="1" />
                <SequencePoint vc="0" uspid="14" ordinal="6" offset="76" sl="58" sc="13" el="58" ec="33" bec="0" bev="0" fileid="1" />
                <SequencePoint vc="0" uspid="15" ordinal="7" offset="85" sl="59" sc="9" el="59" ec="10" bec="0" bev="0" fileid="1" />
              </SequencePoints>
              <BranchPoints>
                <BranchPoint vc="0" uspid="16" ordinal="0" offset="1" sl="48" path="0" offsetend="3" fileid="1" />
                <BranchPoint vc="0" uspid="17" ordinal="1" offset="1" sl="48" path="1" offsetend="14" fileid="1" />
                <BranchPoint vc="0" uspid="18" ordinal="2" offset="18" sl="52" path="0" offsetend="20" fileid="1" />
                <BranchPoint vc="0" uspid="19" ordinal="3" offset="18" sl="52" path="1" offsetend="58" fileid="1" />
              </BranchPoints>
              <MethodPoint xsi:type="SequencePoint" vc="0" uspid="8" ordinal="0" offset="0" sl="48" sc="13" el="48" ec="32" bec="2" bev="0" fileid="1" />
            </Method>
            <Method visited="true" cyclomaticComplexity="1" nPathComplexity="0" sequenceCoverage="100" branchCoverage="100" isConstructor="false" isStatic="false" isGetter="false" isSetter="false">
              <Summary numSequencePoints="1" visitedSequencePoints="1" numBranchPoints="1" visitedBranchPoints="1" sequenceCoverage="100" branchCoverage="100" maxCyclomaticComplexity="1" minCyclomaticComplexity="1" visitedClasses="0" numClasses="0" visitedMethods="1" numMethods="1" />
              <MetadataToken>100663302</MetadataToken>
              <Name>System.Double SharpGeometry.Point3D::SquaredDistance(SharpGeometry.Point3D)</Name>
              <FileRef uid="1" />
              <SequencePoints>
                <SequencePoint vc="2" uspid="20" ordinal="0" offset="0" sl="88" sc="13" el="88" ec="49" bec="0" bev="0" fileid="1" />
              </SequencePoints>
              <BranchPoints />
              <MethodPoint xsi:type="SequencePoint" vc="2" uspid="20" ordinal="0" offset="0" sl="88" sc="13" el="88" ec="49" bec="0" bev="0" fileid="1" />
            </Method>
            <Method visited="true" cyclomaticComplexity="1" nPathComplexity="0" sequenceCoverage="100" branchCoverage="100" isConstructor="false" isStatic="false" isGetter="false" isSetter="false">
              <Summary numSequencePoints="1" visitedSequencePoints="1" numBranchPoints="1" visitedBranchPoints="1" sequenceCoverage="100" branchCoverage="100" maxCyclomaticComplexity="1" minCyclomaticComplexity="1" visitedClasses="0" numClasses="0" visitedMethods="1" numMethods="1" />
              <MetadataToken>100663303</MetadataToken>
              <Name>System.Double SharpGeometry.Point3D::Distance(SharpGeometry.Point3D)</Name>
              <FileRef uid="1" />
              <SequencePoints>
                <SequencePoint vc="2" uspid="21" ordinal="0" offset="0" sl="98" sc="13" el="98" ec="60" bec="0" bev="0" fileid="1" />
              </SequencePoints>
              <BranchPoints />
              <MethodPoint xsi:type="SequencePoint" vc="2" uspid="21" ordinal="0" offset="0" sl="98" sc="13" el="98" ec="60" bec="0" bev="0" fileid="1" />
            </Method>
            <Method visited="false" cyclomaticComplexity="6" nPathComplexity="0" sequenceCoverage="0" branchCoverage="0" isConstructor="false" isStatic="false" isGetter="false" isSetter="false">
              <Summary numSequencePoints="1" visitedSequencePoints="0" numBranchPoints="1" visitedBranchPoints="0" sequenceCoverage="0" branchCoverage="0" maxCyclomaticComplexity="6" minCyclomaticComplexity="6" visitedClasses="0" numClasses="0" visitedMethods="0" numMethods="1" />
              <MetadataToken>100663304</MetadataToken>
              <Name>System.Boolean SharpGeometry.Point3D::IsUndefined()</Name>
              <FileRef uid="1" />
              <SequencePoints>
                <SequencePoint vc="0" uspid="22" ordinal="0" offset="0" sl="107" sc="13" el="109" ec="70" bec="0" bev="0" fileid="1" />
              </SequencePoints>
              <BranchPoints />
              <MethodPoint xsi:type="SequencePoint" vc="0" uspid="22" ordinal="0" offset="0" sl="107" sc="13" el="109" ec="70" bec="0" bev="0" fileid="1" />
            </Method>
            <Method visited="true" cyclomaticComplexity="1" nPathComplexity="0" sequenceCoverage="100" branchCoverage="100" isConstructor="false" isStatic="false" isGetter="false" isSetter="false">
              <Summary numSequencePoints="1" visitedSequencePoints="1" numBranchPoints="1" visitedBranchPoints="1" sequenceCoverage="100" branchCoverage="100" maxCyclomaticComplexity="1" minCyclomaticComplexity="1" visitedClasses="0" numClasses="0" visitedMethods="1" numMethods="1" />
              <MetadataToken>100663305</MetadataToken>
              <Name>System.String SharpGeometry.Point3D::ToString()</Name>
              <FileRef uid="1" />
              <SequencePoints>
                <SequencePoint vc="18" uspid="33" ordinal="0" offset="0" sl="119" sc="13" el="119" ec="116" bec="0" bev="0" fileid="1" />
              </SequencePoints>
              <BranchPoints />
              <MethodPoint xsi:type="SequencePoint" vc="18" uspid="33" ordinal="0" offset="0" sl="119" sc="13" el="119" ec="116" bec="0" bev="0" fileid="1" />
            </Method>
            <Method visited="true" cyclomaticComplexity="2" nPathComplexity="0" sequenceCoverage="100" branchCoverage="100" isConstructor="false" isStatic="false" isGetter="false" isSetter="false">
              <Summary numSequencePoints="1" visitedSequencePoints="1" numBranchPoints="1" visitedBranchPoints="1" sequenceCoverage="100" branchCoverage="100" maxCyclomaticComplexity="2" minCyclomaticComplexity="2" visitedClasses="0" numClasses="0" visitedMethods="1" numMethods="1" />
              <MetadataToken>100663306</MetadataToken>
              <Name>System.Boolean SharpGeometry.Point3D::Equals(System.Object)</Name>
              <FileRef uid="1" />
              <SequencePoints>
                <SequencePoint vc="8" uspid="34" ordinal="0" offset="0" sl="125" sc="13" el="125" ec="64" bec="0" bev="0" fileid="1" />
              </SequencePoints>
              <BranchPoints />
              <MethodPoint xsi:type="SequencePoint" vc="8" uspid="34" ordinal="0" offset="0" sl="125" sc="13" el="125" ec="64" bec="0" bev="0" fileid="1" />
            </Method>
            <Method visited="true" cyclomaticComplexity="1" nPathComplexity="0" sequenceCoverage="100" branchCoverage="100" isConstructor="false" isStatic="false" isGetter="false" isSetter="false">
              <Summary numSequencePoints="5" visitedSequencePoints="5" numBranchPoints="1" visitedBranchPoints="1" sequenceCoverage="100" branchCoverage="100" maxCyclomaticComplexity="1" minCyclomaticComplexity="1" visitedClasses="0" numClasses="0" visitedMethods="1" numMethods="1" />
              <MetadataToken>100663307</MetadataToken>
              <Name>System.Int32 SharpGeometry.Point3D::GetHashCode()</Name>
              <FileRef uid="1" />
              <SequencePoints>
                <SequencePoint vc="100000" uspid="37" ordinal="0" offset="0" sl="134" sc="17" el="134" ec="31" bec="0" bev="0" fileid="1" />
                <SequencePoint vc="100000" uspid="38" ordinal="1" offset="2" sl="135" sc="17" el="135" ec="57" bec="0" bev="0" fileid="1" />
                <SequencePoint vc="100000" uspid="39" ordinal="2" offset="20" sl="136" sc="17" el="136" ec="57" bec="0" bev="0" fileid="1" />
                <SequencePoint vc="100000" uspid="40" ordinal="3" offset="38" sl="137" sc="17" el="137" ec="57" bec="0" bev="0" fileid="1" />
                <SequencePoint vc="100000" uspid="41" ordinal="4" offset="56" sl="138" sc="17" el="138" ec="29" bec="0" bev="0" fileid="1" />
              </SequencePoints>
              <BranchPoints />
              <MethodPoint xsi:type="SequencePoint" vc="100000" uspid="37" ordinal="0" offset="0" sl="134" sc="17" el="134" ec="31" bec="0" bev="0" fileid="1" />
            </Method>
            <Method visited="true" cyclomaticComplexity="1" nPathComplexity="0" sequenceCoverage="100" branchCoverage="100" isConstructor="false" isStatic="false" isGetter="false" isSetter="false">
              <Summary numSequencePoints="1" visitedSequencePoints="1" numBranchPoints="1" visitedBranchPoints="1" sequenceCoverage="100" branchCoverage="100" maxCyclomaticComplexity="1" minCyclomaticComplexity="1" visitedClasses="0" numClasses="0" visitedMethods="1" numMethods="1" />
              <MetadataToken>100663308</MetadataToken>
              <Name>System.Boolean SharpGeometry.Point3D::Equals(SharpGeometry.Point3D)</Name>
              <FileRef uid="1" />
              <SequencePoints>
                <SequencePoint vc="8" uspid="42" ordinal="0" offset="0" sl="145" sc="13" el="145" ec="34" bec="0" bev="0" fileid="1" />
              </SequencePoints>
              <BranchPoints />
              <MethodPoint xsi:type="SequencePoint" vc="8" uspid="42" ordinal="0" offset="0" sl="145" sc="13" el="145" ec="34" bec="0" bev="0" fileid="1" />
            </Method>
            <Method visited="true" cyclomaticComplexity="1" nPathComplexity="0" sequenceCoverage="100" branchCoverage="100" isConstructor="false" isStatic="true" isGetter="false" isSetter="false">
              <Summary numSequencePoints="7" visitedSequencePoints="7" numBranchPoints="1" visitedBranchPoints="1" sequenceCoverage="100" branchCoverage="100" maxCyclomaticComplexity="1" minCyclomaticComplexity="1" visitedClasses="0" numClasses="0" visitedMethods="1" numMethods="1" />
              <MetadataToken>100663309</MetadataToken>
              <Name>System.Double SharpGeometry.Point3D::SquaredDistance(SharpGeometry.Point3D,SharpGeometry.Point3D)</Name>
              <FileRef uid="1" />
              <SequencePoints>
                <SequencePoint vc="6" uspid="43" ordinal="0" offset="0" sl="160" sc="13" el="160" ec="38" bec="0" bev="0" fileid="1" />
                <SequencePoint vc="6" uspid="44" ordinal="1" offset="16" sl="161" sc="13" el="161" ec="49" bec="0" bev="0" fileid="1" />
                <SequencePoint vc="6" uspid="45" ordinal="2" offset="19" sl="162" sc="13" el="162" ec="31" bec="0" bev="0" fileid="1" />
                <SequencePoint vc="6" uspid="46" ordinal="3" offset="35" sl="163" sc="13" el="163" ec="43" bec="0" bev="0" fileid="1" />
                <SequencePoint vc="6" uspid="47" ordinal="4" offset="39" sl="164" sc="13" el="164" ec="31" bec="0" bev="0" fileid="1" />
                <SequencePoint vc="6" uspid="48" ordinal="5" offset="55" sl="165" sc="13" el="165" ec="43" bec="0" bev="0" fileid="1" />
                <SequencePoint vc="6" uspid="49" ordinal="6" offset="59" sl="166" sc="13" el="166" ec="33" bec="0" bev="0" fileid="1" />
              </SequencePoints>
              <BranchPoints />
              <MethodPoint xsi:type="SequencePoint" vc="6" uspid="43" ordinal="0" offset="0" sl="160" sc="13" el="160" ec="38" bec="0" bev="0" fileid="1" />
            </Method>
            <Method visited="true" cyclomaticComplexity="1" nPathComplexity="0" sequenceCoverage="100" branchCoverage="100" isConstructor="false" isStatic="true" isGetter="false" isSetter="false">
              <Summary numSequencePoints="1" visitedSequencePoints="1" numBranchPoints="1" visitedBranchPoints="1" sequenceCoverage="100" branchCoverage="100" maxCyclomaticComplexity="1" minCyclomaticComplexity="1" visitedClasses="0" numClasses="0" visitedMethods="1" numMethods="1" />
              <MetadataToken>100663310</MetadataToken>
              <Name>System.Double SharpGeometry.Point3D::Distance(SharpGeometry.Point3D,SharpGeometry.Point3D)</Name>
              <FileRef uid="1" />
              <SequencePoints>
                <SequencePoint vc="1" uspid="50" ordinal="0" offset="0" sl="177" sc="13" el="177" ec="53" bec="0" bev="0" fileid="1" />
              </SequencePoints>
              <BranchPoints />
              <MethodPoint xsi:type="SequencePoint" vc="1" uspid="50" ordinal="0" offset="0" sl="177" sc="13" el="177" ec="53" bec="0" bev="0" fileid="1" />
            </Method>
            <Method visited="false" cyclomaticComplexity="1" nPathComplexity="0" sequenceCoverage="0" branchCoverage="0" isConstructor="false" isStatic="true" isGetter="false" isSetter="false">
              <Summary numSequencePoints="1" visitedSequencePoints="0" numBranchPoints="1" visitedBranchPoints="0" sequenceCoverage="0" branchCoverage="0" maxCyclomaticComplexity="1" minCyclomaticComplexity="1" visitedClasses="0" numClasses="0" visitedMethods="0" numMethods="1" />
              <MetadataToken>100663311</MetadataToken>
              <Name>SharpGeometry.Point3D SharpGeometry.Point3D::op_UnaryNegation(SharpGeometry.Point3D)</Name>
              <FileRef uid="1" />
              <SequencePoints>
                <SequencePoint vc="0" uspid="51" ordinal="0" offset="0" sl="191" sc="13" el="191" ec="50" bec="0" bev="0" fileid="1" />
              </SequencePoints>
              <BranchPoints />
              <MethodPoint xsi:type="SequencePoint" vc="0" uspid="51" ordinal="0" offset="0" sl="191" sc="13" el="191" ec="50" bec="0" bev="0" fileid="1" />
            </Method>
            <Method visited="false" cyclomaticComplexity="1" nPathComplexity="0" sequenceCoverage="0" branchCoverage="0" isConstructor="false" isStatic="true" isGetter="false" isSetter="false">
              <Summary numSequencePoints="1" visitedSequencePoints="0" numBranchPoints="1" visitedBranchPoints="0" sequenceCoverage="0" branchCoverage="0" maxCyclomaticComplexity="1" minCyclomaticComplexity="1" visitedClasses="0" numClasses="0" visitedMethods="0" numMethods="1" />
              <MetadataToken>100663312</MetadataToken>
              <Name>SharpGeometry.Point3D SharpGeometry.Point3D::op_UnaryPlus(SharpGeometry.Point3D)</Name>
              <FileRef uid="1" />
              <SequencePoints>
                <SequencePoint vc="0" uspid="52" ordinal="0" offset="0" sl="201" sc="13" el="201" ec="22" bec="0" bev="0" fileid="1" />
              </SequencePoints>
              <BranchPoints />
              <MethodPoint xsi:type="SequencePoint" vc="0" uspid="52" ordinal="0" offset="0" sl="201" sc="13" el="201" ec="22" bec="0" bev="0" fileid="1" />
            </Method>
            <Method visited="true" cyclomaticComplexity="3" nPathComplexity="0" sequenceCoverage="100" branchCoverage="100" isConstructor="false" isStatic="true" isGetter="false" isSetter="false">
              <Summary numSequencePoints="1" visitedSequencePoints="1" numBranchPoints="1" visitedBranchPoints="1" sequenceCoverage="100" branchCoverage="100" maxCyclomaticComplexity="3" minCyclomaticComplexity="3" visitedClasses="0" numClasses="0" visitedMethods="1" numMethods="1" />
              <MetadataToken>100663313</MetadataToken>
              <Name>System.Boolean SharpGeometry.Point3D::op_Equality(SharpGeometry.Point3D,SharpGeometry.Point3D)</Name>
              <FileRef uid="1" />
              <SequencePoints>
                <SequencePoint vc="8" uspid="53" ordinal="0" offset="0" sl="217" sc="13" el="217" ec="59" bec="0" bev="0" fileid="1" />
              </SequencePoints>
              <BranchPoints />
              <MethodPoint xsi:type="SequencePoint" vc="8" uspid="53" ordinal="0" offset="0" sl="217" sc="13" el="217" ec="59" bec="0" bev="0" fileid="1" />
            </Method>
            <Method visited="false" cyclomaticComplexity="3" nPathComplexity="0" sequenceCoverage="0" branchCoverage="0" isConstructor="false" isStatic="true" isGetter="false" isSetter="false">
              <Summary numSequencePoints="1" visitedSequencePoints="0" numBranchPoints="1" visitedBranchPoints="0" sequenceCoverage="0" branchCoverage="0" maxCyclomaticComplexity="3" minCyclomaticComplexity="3" visitedClasses="0" numClasses="0" visitedMethods="0" numMethods="1" />
              <MetadataToken>100663314</MetadataToken>
              <Name>System.Boolean SharpGeometry.Point3D::op_Inequality(SharpGeometry.Point3D,SharpGeometry.Point3D)</Name>
              <FileRef uid="1" />
              <SequencePoints>
                <SequencePoint vc="0" uspid="58" ordinal="0" offset="0" sl="228" sc="13" el="228" ec="59" bec="0" bev="0" fileid="1" />
              </SequencePoints>
              <BranchPoints />
              <MethodPoint xsi:type="SequencePoint" vc="0" uspid="58" ordinal="0" offset="0" sl="228" sc="13" el="228" ec="59" bec="0" bev="0" fileid="1" />
            </Method>
            <Method visited="true" cyclomaticComplexity="1" nPathComplexity="0" sequenceCoverage="100" branchCoverage="100" isConstructor="false" isStatic="true" isGetter="false" isSetter="false">
              <Summary numSequencePoints="1" visitedSequencePoints="1" numBranchPoints="1" visitedBranchPoints="1" sequenceCoverage="100" branchCoverage="100" maxCyclomaticComplexity="1" minCyclomaticComplexity="1" visitedClasses="0" numClasses="0" visitedMethods="1" numMethods="1" />
              <MetadataToken>100663315</MetadataToken>
              <Name>SharpGeometry.Point3D SharpGeometry.Point3D::op_Addition(SharpGeometry.Point3D,SharpGeometry.Vector3D)</Name>
              <FileRef uid="1" />
              <SequencePoints>
                <SequencePoint vc="1" uspid="63" ordinal="0" offset="0" sl="239" sc="13" el="239" ec="65" bec="0" bev="0" fileid="1" />
              </SequencePoints>
              <BranchPoints />
              <MethodPoint xsi:type="SequencePoint" vc="1" uspid="63" ordinal="0" offset="0" sl="239" sc="13" el="239" ec="65" bec="0" bev="0" fileid="1" />
            </Method>
            <Method visited="true" cyclomaticComplexity="1" nPathComplexity="0" sequenceCoverage="100" branchCoverage="100" isConstructor="false" isStatic="true" isGetter="false" isSetter="false">
              <Summary numSequencePoints="1" visitedSequencePoints="1" numBranchPoints="1" visitedBranchPoints="1" sequenceCoverage="100" branchCoverage="100" maxCyclomaticComplexity="1" minCyclomaticComplexity="1" visitedClasses="0" numClasses="0" visitedMethods="1" numMethods="1" />
              <MetadataToken>100663316</MetadataToken>
              <Name>SharpGeometry.Point3D SharpGeometry.Point3D::op_Subtraction(SharpGeometry.Point3D,SharpGeometry.Vector3D)</Name>
              <FileRef uid="1" />
              <SequencePoints>
                <SequencePoint vc="1" uspid="64" ordinal="0" offset="0" sl="250" sc="13" el="250" ec="65" bec="0" bev="0" fileid="1" />
              </SequencePoints>
              <BranchPoints />
              <MethodPoint xsi:type="SequencePoint" vc="1" uspid="64" ordinal="0" offset="0" sl="250" sc="13" el="250" ec="65" bec="0" bev="0" fileid="1" />
            </Method>
          </Methods>
        </Class>
        <Class>
          <Summary numSequencePoints="53" visitedSequencePoints="41" numBranchPoints="37" visitedBranchPoints="28" sequenceCoverage="77.36" branchCoverage="75.68" maxCyclomaticComplexity="6" minCyclomaticComplexity="1" visitedClasses="1" numClasses="1" visitedMethods="20" numMethods="25" />
          <FullName>SharpGeometry.Vector3D</FullName>
          <Methods>
            <Method visited="true" cyclomaticComplexity="1" nPathComplexity="0" sequenceCoverage="100" branchCoverage="100" isConstructor="false" isStatic="false" isGetter="true" isSetter="false">
              <Summary numSequencePoints="1" visitedSequencePoints="1" numBranchPoints="1" visitedBranchPoints="1" sequenceCoverage="100" branchCoverage="100" maxCyclomaticComplexity="1" minCyclomaticComplexity="1" visitedClasses="0" numClasses="0" visitedMethods="1" numMethods="1" />
              <MetadataToken>100663319</MetadataToken>
              <Name>System.Double SharpGeometry.Vector3D::get_X()</Name>
              <FileRef uid="2" />
              <SequencePoints>
                <SequencePoint vc="26721305" uspid="65" ordinal="0" offset="0" sl="77" sc="28" el="77" ec="35" bec="0" bev="0" fileid="2" />
              </SequencePoints>
              <BranchPoints />
              <MethodPoint xsi:type="SequencePoint" vc="26721305" uspid="65" ordinal="0" offset="0" sl="77" sc="28" el="77" ec="35" bec="0" bev="0" fileid="2" />
            </Method>
            <Method visited="true" cyclomaticComplexity="1" nPathComplexity="0" sequenceCoverage="100" branchCoverage="100" isConstructor="false" isStatic="false" isGetter="true" isSetter="false">
              <Summary numSequencePoints="1" visitedSequencePoints="1" numBranchPoints="1" visitedBranchPoints="1" sequenceCoverage="100" branchCoverage="100" maxCyclomaticComplexity="1" minCyclomaticComplexity="1" visitedClasses="0" numClasses="0" visitedMethods="1" numMethods="1" />
              <MetadataToken>100663320</MetadataToken>
              <Name>System.Double SharpGeometry.Vector3D::get_Y()</Name>
              <FileRef uid="2" />
              <SequencePoints>
                <SequencePoint vc="4997129" uspid="66" ordinal="0" offset="0" sl="82" sc="28" el="82" ec="35" bec="0" bev="0" fileid="2" />
              </SequencePoints>
              <BranchPoints />
              <MethodPoint xsi:type="SequencePoint" vc="4997129" uspid="66" ordinal="0" offset="0" sl="82" sc="28" el="82" ec="35" bec="0" bev="0" fileid="2" />
            </Method>
            <Method visited="true" cyclomaticComplexity="1" nPathComplexity="0" sequenceCoverage="100" branchCoverage="100" isConstructor="false" isStatic="false" isGetter="true" isSetter="false">
              <Summary numSequencePoints="1" visitedSequencePoints="1" numBranchPoints="1" visitedBranchPoints="1" sequenceCoverage="100" branchCoverage="100" maxCyclomaticComplexity="1" minCyclomaticComplexity="1" visitedClasses="0" numClasses="0" visitedMethods="1" numMethods="1" />
              <MetadataToken>100663321</MetadataToken>
              <Name>System.Double SharpGeometry.Vector3D::get_Z()</Name>
              <FileRef uid="2" />
              <SequencePoints>
                <SequencePoint vc="1118971" uspid="67" ordinal="0" offset="0" sl="87" sc="28" el="87" ec="35" bec="0" bev="0" fileid="2" />
              </SequencePoints>
              <BranchPoints />
              <MethodPoint xsi:type="SequencePoint" vc="1118971" uspid="67" ordinal="0" offset="0" sl="87" sc="28" el="87" ec="35" bec="0" bev="0" fileid="2" />
            </Method>
            <Method visited="true" cyclomaticComplexity="1" nPathComplexity="0" sequenceCoverage="100" branchCoverage="100" isConstructor="true" isStatic="false" isGetter="false" isSetter="false">
              <Summary numSequencePoints="4" visitedSequencePoints="4" numBranchPoints="1" visitedBranchPoints="1" sequenceCoverage="100" branchCoverage="100" maxCyclomaticComplexity="1" minCyclomaticComplexity="1" visitedClasses="0" numClasses="0" visitedMethods="1" numMethods="1" />
              <MetadataToken>100663317</MetadataToken>
              <Name>System.Void SharpGeometry.Vector3D::.ctor(System.Double,System.Double,System.Double)</Name>
              <FileRef uid="2" />
              <SequencePoints>
                <SequencePoint vc="200053" uspid="68" ordinal="0" offset="0" sl="50" sc="13" el="50" ec="25" bec="0" bev="0" fileid="2" />
                <SequencePoint vc="200053" uspid="69" ordinal="1" offset="7" sl="51" sc="13" el="51" ec="25" bec="0" bev="0" fileid="2" />
                <SequencePoint vc="200053" uspid="70" ordinal="2" offset="14" sl="52" sc="13" el="52" ec="25" bec="0" bev="0" fileid="2" />
                <SequencePoint vc="200053" uspid="71" ordinal="3" offset="21" sl="53" sc="9" el="53" ec="10" bec="0" bev="0" fileid="2" />
              </SequencePoints>
              <BranchPoints />
              <MethodPoint xsi:type="SequencePoint" vc="200053" uspid="68" ordinal="0" offset="0" sl="50" sc="13" el="50" ec="25" bec="0" bev="0" fileid="2" />
            </Method>
            <Method visited="false" cyclomaticComplexity="3" nPathComplexity="4" sequenceCoverage="0" branchCoverage="0" isConstructor="true" isStatic="false" isGetter="false" isSetter="false">
              <Summary numSequencePoints="8" visitedSequencePoints="0" numBranchPoints="5" visitedBranchPoints="0" sequenceCoverage="0" branchCoverage="0" maxCyclomaticComplexity="3" minCyclomaticComplexity="3" visitedClasses="0" numClasses="0" visitedMethods="0" numMethods="1" />
              <MetadataToken>100663318</MetadataToken>
              <Name>System.Void SharpGeometry.Vector3D::.ctor(System.Double[])</Name>
              <FileRef uid="2" />
              <SequencePoints>
                <SequencePoint vc="0" uspid="72" ordinal="0" offset="0" sl="61" sc="13" el="61" ec="32" bec="2" bev="0" fileid="2" />
                <SequencePoint vc="0" uspid="73" ordinal="1" offset="3" sl="63" sc="17" el="63" ec="65" bec="0" bev="0" fileid="2" />
                <SequencePoint vc="0" uspid="74" ordinal="2" offset="14" sl="65" sc="13" el="65" ec="36" bec="2" bev="0" fileid="2" />
                <SequencePoint vc="0" uspid="75" ordinal="3" offset="20" sl="67" sc="17" el="67" ec="133" bec="0" bev="0" fileid="2" />
                <SequencePoint vc="0" uspid="76" ordinal="4" offset="58" sl="69" sc="13" el="69" ec="33" bec="0" bev="0" fileid="2" />
                <SequencePoint vc="0" uspid="77" ordinal="5" offset="67" sl="70" sc="13" el="70" ec="33" bec="0" bev="0" fileid="2" />
                <SequencePoint vc="0" uspid="78" ordinal="6" offset="76" sl="71" sc="13" el="71" ec="33" bec="0" bev="0" fileid="2" />
                <SequencePoint vc="0" uspid="79" ordinal="7" offset="85" sl="72" sc="9" el="72" ec="10" bec="0" bev="0" fileid="2" />
              </SequencePoints>
              <BranchPoints>
                <BranchPoint vc="0" uspid="80" ordinal="0" offset="1" sl="61" path="0" offsetend="3" fileid="2" />
                <BranchPoint vc="0" uspid="81" ordinal="1" offset="1" sl="61" path="1" offsetend="14" fileid="2" />
                <BranchPoint vc="0" uspid="82" ordinal="2" offset="18" sl="65" path="0" offsetend="20" fileid="2" />
                <BranchPoint vc="0" uspid="83" ordinal="3" offset="18" sl="65" path="1" offsetend="58" fileid="2" />
              </BranchPoints>
              <MethodPoint xsi:type="SequencePoint" vc="0" uspid="72" ordinal="0" offset="0" sl="61" sc="13" el="61" ec="32" bec="2" bev="0" fileid="2" />
            </Method>
            <Method visited="true" cyclomaticComplexity="1" nPathComplexity="0" sequenceCoverage="100" branchCoverage="100" isConstructor="false" isStatic="false" isGetter="false" isSetter="false">
              <Summary numSequencePoints="1" visitedSequencePoints="1" numBranchPoints="1" visitedBranchPoints="1" sequenceCoverage="100" branchCoverage="100" maxCyclomaticComplexity="1" minCyclomaticComplexity="1" visitedClasses="0" numClasses="0" visitedMethods="1" numMethods="1" />
              <MetadataToken>100663322</MetadataToken>
              <Name>System.Double SharpGeometry.Vector3D::SquaredLength()</Name>
              <FileRef uid="2" />
              <SequencePoints>
                <SequencePoint vc="9" uspid="84" ordinal="0" offset="0" sl="99" sc="13" el="99" ec="72" bec="0" bev="0" fileid="2" />
              </SequencePoints>
              <BranchPoints />
              <MethodPoint xsi:type="SequencePoint" vc="9" uspid="84" ordinal="0" offset="0" sl="99" sc="13" el="99" ec="72" bec="0" bev="0" fileid="2" />
            </Method>
            <Method visited="true" cyclomaticComplexity="1" nPathComplexity="0" sequenceCoverage="100" branchCoverage="100" isConstructor="false" isStatic="false" isGetter="false" isSetter="false">
              <Summary numSequencePoints="1" visitedSequencePoints="1" numBranchPoints="1" visitedBranchPoints="1" sequenceCoverage="100" branchCoverage="100" maxCyclomaticComplexity="1" minCyclomaticComplexity="1" visitedClasses="0" numClasses="0" visitedMethods="1" numMethods="1" />
              <MetadataToken>100663323</MetadataToken>
              <Name>System.Double SharpGeometry.Vector3D::Length()</Name>
              <FileRef uid="2" />
              <SequencePoints>
                <SequencePoint vc="3" uspid="85" ordinal="0" offset="0" sl="108" sc="13" el="108" ec="52" bec="0" bev="0" fileid="2" />
              </SequencePoints>
              <BranchPoints />
              <MethodPoint xsi:type="SequencePoint" vc="3" uspid="85" ordinal="0" offset="0" sl="108" sc="13" el="108" ec="52" bec="0" bev="0" fileid="2" />
            </Method>
            <Method visited="true" cyclomaticComplexity="3" nPathComplexity="4" sequenceCoverage="100" branchCoverage="100" isConstructor="false" isStatic="false" isGetter="false" isSetter="false">
              <Summary numSequencePoints="7" visitedSequencePoints="7" numBranchPoints="5" visitedBranchPoints="5" sequenceCoverage="100" branchCoverage="100" maxCyclomaticComplexity="3" minCyclomaticComplexity="3" visitedClasses="0" numClasses="0" visitedMethods="1" numMethods="1" />
              <MetadataToken>100663324</MetadataToken>
              <Name>SharpGeometry.Vector3D SharpGeometry.Vector3D::ScaledTo(System.Double)</Name>
              <FileRef uid="2" />
              <SequencePoints>
                <SequencePoint vc="4" uspid="86" ordinal="0" offset="0" sl="117" sc="13" el="117" ec="28" bec="2" bev="2" fileid="2" />
                <SequencePoint vc="1" uspid="87" ordinal="1" offset="12" sl="119" sc="17" el="119" ec="71" bec="0" bev="0" fileid="2" />
                <SequencePoint vc="3" uspid="88" ordinal="2" offset="23" sl="121" sc="13" el="121" ec="46" bec="0" bev="0" fileid="2" />
                <SequencePoint vc="3" uspid="89" ordinal="3" offset="29" sl="122" sc="13" el="122" ec="25" bec="2" bev="2" fileid="2" />
                <SequencePoint vc="1" uspid="90" ordinal="4" offset="41" sl="124" sc="17" el="124" ec="94" bec="0" bev="0" fileid="2" />
                <SequencePoint vc="2" uspid="91" ordinal="5" offset="52" sl="126" sc="13" el="126" ec="49" bec="0" bev="0" fileid="2" />
                <SequencePoint vc="2" uspid="92" ordinal="6" offset="58" sl="128" sc="13" el="128" ec="51" bec="0" bev="0" fileid="2" />
              </SequencePoints>
              <BranchPoints>
                <BranchPoint vc="1" uspid="93" ordinal="0" offset="10" sl="117" path="0" offsetend="12" fileid="2" />
                <BranchPoint vc="3" uspid="94" ordinal="1" offset="10" sl="117" path="1" offsetend="23" fileid="2" />
                <BranchPoint vc="1" uspid="95" ordinal="2" offset="39" sl="122" path="0" offsetend="41" fileid="2" />
                <BranchPoint vc="2" uspid="96" ordinal="3" offset="39" sl="122" path="1" offsetend="52" fileid="2" />
              </BranchPoints>
              <MethodPoint xsi:type="SequencePoint" vc="4" uspid="86" ordinal="0" offset="0" sl="117" sc="13" el="117" ec="28" bec="2" bev="2" fileid="2" />
            </Method>
            <Method visited="true" cyclomaticComplexity="2" nPathComplexity="2" sequenceCoverage="100" branchCoverage="100" isConstructor="false" isStatic="false" isGetter="false" isSetter="false">
              <Summary numSequencePoints="5" visitedSequencePoints="5" numBranchPoints="3" visitedBranchPoints="3" sequenceCoverage="100" branchCoverage="100" maxCyclomaticComplexity="2" minCyclomaticComplexity="2" visitedClasses="0" numClasses="0" visitedMethods="1" numMethods="1" />
              <MetadataToken>100663325</MetadataToken>
              <Name>SharpGeometry.Vector3D SharpGeometry.Vector3D::Normalized()</Name>
              <FileRef uid="2" />
              <SequencePoints>
                <SequencePoint vc="2" uspid="97" ordinal="0" offset="0" sl="137" sc="13" el="137" ec="46" bec="0" bev="0" fileid="2" />
                <SequencePoint vc="2" uspid="98" ordinal="1" offset="6" sl="138" sc="13" el="138" ec="25" bec="2" bev="2" fileid="2" />
                <SequencePoint vc="1" uspid="99" ordinal="2" offset="18" sl="140" sc="17" el="140" ec="94" bec="0" bev="0" fileid="2" />
                <SequencePoint vc="1" uspid="100" ordinal="3" offset="29" sl="142" sc="13" el="142" ec="49" bec="0" bev="0" fileid="2" />
                <SequencePoint vc="1" uspid="101" ordinal="4" offset="35" sl="144" sc="13" el="144" ec="40" bec="0" bev="0" fileid="2" />
              </SequencePoints>
              <BranchPoints>
                <BranchPoint vc="1" uspid="102" ordinal="0" offset="16" sl="138" path="0" offsetend="18" fileid="2" />
                <BranchPoint vc="1" uspid="103" ordinal="1" offset="16" sl="138" path="1" offsetend="29" fileid="2" />
              </BranchPoints>
              <MethodPoint xsi:type="SequencePoint" vc="2" uspid="97" ordinal="0" offset="0" sl="137" sc="13" el="137" ec="46" bec="0" bev="0" fileid="2" />
            </Method>
            <Method visited="true" cyclomaticComplexity="6" nPathComplexity="0" sequenceCoverage="100" branchCoverage="100" isConstructor="false" isStatic="false" isGetter="false" isSetter="false">
              <Summary numSequencePoints="1" visitedSequencePoints="1" numBranchPoints="1" visitedBranchPoints="1" sequenceCoverage="100" branchCoverage="100" maxCyclomaticComplexity="6" minCyclomaticComplexity="6" visitedClasses="0" numClasses="0" visitedMethods="1" numMethods="1" />
              <MetadataToken>100663326</MetadataToken>
              <Name>System.Boolean SharpGeometry.Vector3D::IsUndefined()</Name>
              <FileRef uid="2" />
              <SequencePoints>
                <SequencePoint vc="1" uspid="104" ordinal="0" offset="0" sl="153" sc="13" el="155" ec="70" bec="0" bev="0" fileid="2" />
              </SequencePoints>
              <BranchPoints />
              <MethodPoint xsi:type="SequencePoint" vc="1" uspid="104" ordinal="0" offset="0" sl="153" sc="13" el="155" ec="70" bec="0" bev="0" fileid="2" />
            </Method>
            <Method visited="false" cyclomaticComplexity="1" nPathComplexity="0" sequenceCoverage="0" branchCoverage="0" isConstructor="false" isStatic="false" isGetter="false" isSetter="false">
              <Summary numSequencePoints="1" visitedSequencePoints="0" numBranchPoints="1" visitedBranchPoints="0" sequenceCoverage="0" branchCoverage="0" maxCyclomaticComplexity="1" minCyclomaticComplexity="1" visitedClasses="0" numClasses="0" visitedMethods="0" numMethods="1" />
              <MetadataToken>100663327</MetadataToken>
              <Name>System.Boolean SharpGeometry.Vector3D::IsZero()</Name>
              <FileRef uid="2" />
              <SequencePoints>
                <SequencePoint vc="0" uspid="115" ordinal="0" offset="0" sl="164" sc="13" el="164" ec="46" bec="0" bev="0" fileid="2" />
              </SequencePoints>
              <BranchPoints />
              <MethodPoint xsi:type="SequencePoint" vc="0" uspid="115" ordinal="0" offset="0" sl="164" sc="13" el="164" ec="46" bec="0" bev="0" fileid="2" />
            </Method>
            <Method visited="true" cyclomaticComplexity="1" nPathComplexity="0" sequenceCoverage="100" branchCoverage="100" isConstructor="false" isStatic="false" isGetter="false" isSetter="false">
              <Summary numSequencePoints="1" visitedSequencePoints="1" numBranchPoints="1" visitedBranchPoints="1" sequenceCoverage="100" branchCoverage="100" maxCyclomaticComplexity="1" minCyclomaticComplexity="1" visitedClasses="0" numClasses="0" visitedMethods="1" numMethods="1" />
              <MetadataToken>100663328</MetadataToken>
              <Name>System.String SharpGeometry.Vector3D::ToString()</Name>
              <FileRef uid="2" />
              <SequencePoints>
                <SequencePoint vc="51" uspid="116" ordinal="0" offset="0" sl="172" sc="13" el="172" ec="116" bec="0" bev="0" fileid="2" />
              </SequencePoints>
              <BranchPoints />
              <MethodPoint xsi:type="SequencePoint" vc="51" uspid="116" ordinal="0" offset="0" sl="172" sc="13" el="172" ec="116" bec="0" bev="0" fileid="2" />
            </Method>
            <Method visited="false" cyclomaticComplexity="2" nPathComplexity="0" sequenceCoverage="0" branchCoverage="0" isConstructor="false" isStatic="false" isGetter="false" isSetter="false">
              <Summary numSequencePoints="1" visitedSequencePoints="0" numBranchPoints="1" visitedBranchPoints="0" sequenceCoverage="0" branchCoverage="0" maxCyclomaticComplexity="2" minCyclomaticComplexity="2" visitedClasses="0" numClasses="0" visitedMethods="0" numMethods="1" />
              <MetadataToken>100663329</MetadataToken>
              <Name>System.Boolean SharpGeometry.Vector3D::Equals(System.Object)</Name>
              <FileRef uid="2" />
              <SequencePoints>
                <SequencePoint vc="0" uspid="117" ordinal="0" offset="0" sl="178" sc="13" el="178" ec="66" bec="0" bev="0" fileid="2" />
              </SequencePoints>
              <BranchPoints />
              <MethodPoint xsi:type="SequencePoint" vc="0" uspid="117" ordinal="0" offset="0" sl="178" sc="13" el="178" ec="66" bec="0" bev="0" fileid="2" />
            </Method>
            <Method visited="true" cyclomaticComplexity="1" nPathComplexity="0" sequenceCoverage="100" branchCoverage="100" isConstructor="false" isStatic="false" isGetter="false" isSetter="false">
              <Summary numSequencePoints="5" visitedSequencePoints="5" numBranchPoints="1" visitedBranchPoints="1" sequenceCoverage="100" branchCoverage="100" maxCyclomaticComplexity="1" minCyclomaticComplexity="1" visitedClasses="0" numClasses="0" visitedMethods="1" numMethods="1" />
              <MetadataToken>100663330</MetadataToken>
              <Name>System.Int32 SharpGeometry.Vector3D::GetHashCode()</Name>
              <FileRef uid="2" />
              <SequencePoints>
                <SequencePoint vc="200000" uspid="120" ordinal="0" offset="0" sl="187" sc="17" el="187" ec="31" bec="0" bev="0" fileid="2" />
                <SequencePoint vc="200000" uspid="121" ordinal="1" offset="2" sl="188" sc="17" el="188" ec="57" bec="0" bev="0" fileid="2" />
                <SequencePoint vc="200000" uspid="122" ordinal="2" offset="20" sl="189" sc="17" el="189" ec="57" bec="0" bev="0" fileid="2" />
                <SequencePoint vc="200000" uspid="123" ordinal="3" offset="38" sl="190" sc="17" el="190" ec="57" bec="0" bev="0" fileid="2" />
                <SequencePoint vc="200000" uspid="124" ordinal="4" offset="56" sl="191" sc="17" el="191" ec="29" bec="0" bev="0" fileid="2" />
              </SequencePoints>
              <BranchPoints />
              <MethodPoint xsi:type="SequencePoint" vc="200000" uspid="120" ordinal="0" offset="0" sl="187" sc="17" el="187" ec="31" bec="0" bev="0" fileid="2" />
            </Method>
            <Method visited="true" cyclomaticComplexity="1" nPathComplexity="0" sequenceCoverage="100" branchCoverage="100" isConstructor="false" isStatic="false" isGetter="false" isSetter="false">
              <Summary numSequencePoints="1" visitedSequencePoints="1" numBranchPoints="1" visitedBranchPoints="1" sequenceCoverage="100" branchCoverage="100" maxCyclomaticComplexity="1" minCyclomaticComplexity="1" visitedClasses="0" numClasses="0" visitedMethods="1" numMethods="1" />
              <MetadataToken>100663331</MetadataToken>
              <Name>System.Boolean SharpGeometry.Vector3D::Equals(SharpGeometry.Vector3D)</Name>
              <FileRef uid="2" />
              <SequencePoints>
                <SequencePoint vc="20" uspid="125" ordinal="0" offset="0" sl="198" sc="13" el="198" ec="34" bec="0" bev="0" fileid="2" />
              </SequencePoints>
              <BranchPoints />
              <MethodPoint xsi:type="SequencePoint" vc="20" uspid="125" ordinal="0" offset="0" sl="198" sc="13" el="198" ec="34" bec="0" bev="0" fileid="2" />
            </Method>
            <Method visited="false" cyclomaticComplexity="1" nPathComplexity="0" sequenceCoverage="0" branchCoverage="0" isConstructor="false" isStatic="true" isGetter="false" isSetter="false">
              <Summary numSequencePoints="1" visitedSequencePoints="0" numBranchPoints="1" visitedBranchPoints="0" sequenceCoverage="0" branchCoverage="0" maxCyclomaticComplexity="1" minCyclomaticComplexity="1" visitedClasses="0" numClasses="0" visitedMethods="0" numMethods="1" />
              <MetadataToken>100663332</MetadataToken>
              <Name>SharpGeometry.Vector3D SharpGeometry.Vector3D::op_UnaryNegation(SharpGeometry.Vector3D)</Name>
              <FileRef uid="2" />
              <SequencePoints>
                <SequencePoint vc="0" uspid="126" ordinal="0" offset="0" sl="214" sc="13" el="214" ec="51" bec="0" bev="0" fileid="2" />
              </SequencePoints>
              <BranchPoints />
              <MethodPoint xsi:type="SequencePoint" vc="0" uspid="126" ordinal="0" offset="0" sl="214" sc="13" el="214" ec="51" bec="0" bev="0" fileid="2" />
            </Method>
            <Method visited="false" cyclomaticComplexity="1" nPathComplexity="0" sequenceCoverage="0" branchCoverage="0" isConstructor="false" isStatic="true" isGetter="false" isSetter="false">
              <Summary numSequencePoints="1" visitedSequencePoints="0" numBranchPoints="1" visitedBranchPoints="0" sequenceCoverage="0" branchCoverage="0" maxCyclomaticComplexity="1" minCyclomaticComplexity="1" visitedClasses="0" numClasses="0" visitedMethods="0" numMethods="1" />
              <MetadataToken>100663333</MetadataToken>
              <Name>SharpGeometry.Vector3D SharpGeometry.Vector3D::op_UnaryPlus(SharpGeometry.Vector3D)</Name>
              <FileRef uid="2" />
              <SequencePoints>
                <SequencePoint vc="0" uspid="127" ordinal="0" offset="0" sl="224" sc="13" el="224" ec="22" bec="0" bev="0" fileid="2" />
              </SequencePoints>
              <BranchPoints />
              <MethodPoint xsi:type="SequencePoint" vc="0" uspid="127" ordinal="0" offset="0" sl="224" sc="13" el="224" ec="22" bec="0" bev="0" fileid="2" />
            </Method>
            <Method visited="true" cyclomaticComplexity="3" nPathComplexity="0" sequenceCoverage="100" branchCoverage="100" isConstructor="false" isStatic="true" isGetter="false" isSetter="false">
              <Summary numSequencePoints="1" visitedSequencePoints="1" numBranchPoints="1" visitedBranchPoints="1" sequenceCoverage="100" branchCoverage="100" maxCyclomaticComplexity="3" minCyclomaticComplexity="3" visitedClasses="0" numClasses="0" visitedMethods="1" numMethods="1" />
              <MetadataToken>100663334</MetadataToken>
              <Name>System.Boolean SharpGeometry.Vector3D::op_Equality(SharpGeometry.Vector3D,SharpGeometry.Vector3D)</Name>
              <FileRef uid="2" />
              <SequencePoints>
                <SequencePoint vc="24" uspid="128" ordinal="0" offset="0" sl="240" sc="13" el="240" ec="59" bec="0" bev="0" fileid="2" />
              </SequencePoints>
              <BranchPoints />
              <MethodPoint xsi:type="SequencePoint" vc="24" uspid="128" ordinal="0" offset="0" sl="240" sc="13" el="240" ec="59" bec="0" bev="0" fileid="2" />
            </Method>
            <Method visited="true" cyclomaticComplexity="3" nPathComplexity="0" sequenceCoverage="100" branchCoverage="100" isConstructor="false" isStatic="true" isGetter="false" isSetter="false">
              <Summary numSequencePoints="1" visitedSequencePoints="1" numBranchPoints="1" visitedBranchPoints="1" sequenceCoverage="100" branchCoverage="100" maxCyclomaticComplexity="3" minCyclomaticComplexity="3" visitedClasses="0" numClasses="0" visitedMethods="1" numMethods="1" />
              <MetadataToken>100663335</MetadataToken>
              <Name>System.Boolean SharpGeometry.Vector3D::op_Inequality(SharpGeometry.Vector3D,SharpGeometry.Vector3D)</Name>
              <FileRef uid="2" />
              <SequencePoints>
                <SequencePoint vc="4" uspid="133" ordinal="0" offset="0" sl="251" sc="13" el="251" ec="59" bec="0" bev="0" fileid="2" />
              </SequencePoints>
              <BranchPoints />
              <MethodPoint xsi:type="SequencePoint" vc="4" uspid="133" ordinal="0" offset="0" sl="251" sc="13" el="251" ec="59" bec="0" bev="0" fileid="2" />
            </Method>
            <Method visited="true" cyclomaticComplexity="1" nPathComplexity="0" sequenceCoverage="100" branchCoverage="100" isConstructor="false" isStatic="true" isGetter="false" isSetter="false">
              <Summary numSequencePoints="1" visitedSequencePoints="1" numBranchPoints="1" visitedBranchPoints="1" sequenceCoverage="100" branchCoverage="100" maxCyclomaticComplexity="1" minCyclomaticComplexity="1" visitedClasses="0" numClasses="0" visitedMethods="1" numMethods="1" />
              <MetadataToken>100663336</MetadataToken>
              <Name>SharpGeometry.Vector3D SharpGeometry.Vector3D::op_Addition(SharpGeometry.Vector3D,SharpGeometry.Vector3D)</Name>
              <FileRef uid="2" />
              <SequencePoints>
                <SequencePoint vc="1" uspid="138" ordinal="0" offset="0" sl="262" sc="13" el="262" ec="66" bec="0" bev="0" fileid="2" />
              </SequencePoints>
              <BranchPoints />
              <MethodPoint xsi:type="SequencePoint" vc="1" uspid="138" ordinal="0" offset="0" sl="262" sc="13" el="262" ec="66" bec="0" bev="0" fileid="2" />
            </Method>
            <Method visited="true" cyclomaticComplexity="1" nPathComplexity="0" sequenceCoverage="100" branchCoverage="100" isConstructor="false" isStatic="true" isGetter="false" isSetter="false">
              <Summary numSequencePoints="1" visitedSequencePoints="1" numBranchPoints="1" visitedBranchPoints="1" sequenceCoverage="100" branchCoverage="100" maxCyclomaticComplexity="1" minCyclomaticComplexity="1" visitedClasses="0" numClasses="0" visitedMethods="1" numMethods="1" />
              <MetadataToken>100663337</MetadataToken>
              <Name>SharpGeometry.Vector3D SharpGeometry.Vector3D::op_Subtraction(SharpGeometry.Vector3D,SharpGeometry.Vector3D)</Name>
              <FileRef uid="2" />
              <SequencePoints>
                <SequencePoint vc="1" uspid="139" ordinal="0" offset="0" sl="273" sc="13" el="273" ec="66" bec="0" bev="0" fileid="2" />
              </SequencePoints>
              <BranchPoints />
              <MethodPoint xsi:type="SequencePoint" vc="1" uspid="139" ordinal="0" offset="0" sl="273" sc="13" el="273" ec="66" bec="0" bev="0" fileid="2" />
            </Method>
            <Method visited="true" cyclomaticComplexity="1" nPathComplexity="0" sequenceCoverage="100" branchCoverage="100" isConstructor="false" isStatic="true" isGetter="false" isSetter="false">
              <Summary numSequencePoints="1" visitedSequencePoints="1" numBranchPoints="1" visitedBranchPoints="1" sequenceCoverage="100" branchCoverage="100" maxCyclomaticComplexity="1" minCyclomaticComplexity="1" visitedClasses="0" numClasses="0" visitedMethods="1" numMethods="1" />
              <MetadataToken>100663338</MetadataToken>
              <Name>SharpGeometry.Vector3D SharpGeometry.Vector3D::op_Multiply(System.Double,SharpGeometry.Vector3D)</Name>
              <FileRef uid="2" />
              <SequencePoints>
                <SequencePoint vc="1" uspid="140" ordinal="0" offset="0" sl="284" sc="13" el="284" ec="75" bec="0" bev="0" fileid="2" />
              </SequencePoints>
              <BranchPoints />
              <MethodPoint xsi:type="SequencePoint" vc="1" uspid="140" ordinal="0" offset="0" sl="284" sc="13" el="284" ec="75" bec="0" bev="0" fileid="2" />
            </Method>
            <Method visited="true" cyclomaticComplexity="1" nPathComplexity="0" sequenceCoverage="100" branchCoverage="100" isConstructor="false" isStatic="true" isGetter="false" isSetter="false">
              <Summary numSequencePoints="1" visitedSequencePoints="1" numBranchPoints="1" visitedBranchPoints="1" sequenceCoverage="100" branchCoverage="100" maxCyclomaticComplexity="1" minCyclomaticComplexity="1" visitedClasses="0" numClasses="0" visitedMethods="1" numMethods="1" />
              <MetadataToken>100663339</MetadataToken>
              <Name>SharpGeometry.Vector3D SharpGeometry.Vector3D::op_Multiply(SharpGeometry.Vector3D,System.Double)</Name>
              <FileRef uid="2" />
              <SequencePoints>
                <SequencePoint vc="3" uspid="141" ordinal="0" offset="0" sl="295" sc="13" el="295" ec="75" bec="0" bev="0" fileid="2" />
              </SequencePoints>
              <BranchPoints />
              <MethodPoint xsi:type="SequencePoint" vc="3" uspid="141" ordinal="0" offset="0" sl="295" sc="13" el="295" ec="75" bec="0" bev="0" fileid="2" />
            </Method>
            <Method visited="true" cyclomaticComplexity="2" nPathComplexity="2" sequenceCoverage="100" branchCoverage="100" isConstructor="false" isStatic="true" isGetter="false" isSetter="false">
              <Summary numSequencePoints="3" visitedSequencePoints="3" numBranchPoints="3" visitedBranchPoints="3" sequenceCoverage="100" branchCoverage="100" maxCyclomaticComplexity="2" minCyclomaticComplexity="2" visitedClasses="0" numClasses="0" visitedMethods="1" numMethods="1" />
              <MetadataToken>100663340</MetadataToken>
              <Name>SharpGeometry.Vector3D SharpGeometry.Vector3D::op_Division(SharpGeometry.Vector3D,System.Double)</Name>
              <FileRef uid="2" />
              <SequencePoints>
                <SequencePoint vc="3" uspid="142" ordinal="0" offset="0" sl="306" sc="13" el="306" ec="29" bec="2" bev="2" fileid="2" />
                <SequencePoint vc="1" uspid="143" ordinal="1" offset="12" sl="308" sc="17" el="308" ec="51" bec="0" bev="0" fileid="2" />
                <SequencePoint vc="2" uspid="144" ordinal="2" offset="18" sl="310" sc="13" el="310" ec="75" bec="0" bev="0" fileid="2" />
              </SequencePoints>
              <BranchPoints>
                <BranchPoint vc="1" uspid="145" ordinal="0" offset="10" sl="306" path="0" offsetend="12" fileid="2" />
                <BranchPoint vc="2" uspid="146" ordinal="1" offset="10" sl="306" path="1" offsetend="18" fileid="2" />
              </BranchPoints>
              <MethodPoint xsi:type="SequencePoint" vc="3" uspid="142" ordinal="0" offset="0" sl="306" sc="13" el="306" ec="29" bec="2" bev="2" fileid="2" />
            </Method>
            <Method visited="true" cyclomaticComplexity="1" nPathComplexity="0" sequenceCoverage="100" branchCoverage="100" isConstructor="true" isStatic="true" isGetter="false" isSetter="false">
              <Summary numSequencePoints="3" visitedSequencePoints="3" numBranchPoints="1" visitedBranchPoints="1" sequenceCoverage="100" branchCoverage="100" maxCyclomaticComplexity="1" minCyclomaticComplexity="1" visitedClasses="0" numClasses="0" visitedMethods="1" numMethods="1" />
              <MetadataToken>100663341</MetadataToken>
              <Name>System.Void SharpGeometry.Vector3D::.cctor()</Name>
              <FileRef uid="2" />
              <SequencePoints>
                <SequencePoint vc="1" uspid="147" ordinal="0" offset="0" sl="17" sc="9" el="17" ec="71" bec="0" bev="0" fileid="2" />
                <SequencePoint vc="1" uspid="148" ordinal="1" offset="37" sl="20" sc="9" el="20" ec="71" bec="0" bev="0" fileid="2" />
                <SequencePoint vc="1" uspid="149" ordinal="2" offset="74" sl="23" sc="9" el="23" ec="71" bec="0" bev="0" fileid="2" />
              </SequencePoints>
              <BranchPoints />
              <MethodPoint xsi:type="SequencePoint" vc="1" uspid="147" ordinal="0" offset="0" sl="17" sc="9" el="17" ec="71" bec="0" bev="0" fileid="2" />
            </Method>
          </Methods>
        </Class>
        <Class>
          <Summary numSequencePoints="7" visitedSequencePoints="7" numBranchPoints="5" visitedBranchPoints="5" sequenceCoverage="100" branchCoverage="100" maxCyclomaticComplexity="3" minCyclomaticComplexity="1" visitedClasses="1" numClasses="1" visitedMethods="3" numMethods="3" />
          <FullName>SharpGeometry.EqualityComparer.Point3DComparer</FullName>
          <Methods>
            <Method skippedDueTo="AutoImplementedProperty" visited="false" cyclomaticComplexity="1" nPathComplexity="0" sequenceCoverage="0" branchCoverage="0" isConstructor="false" isStatic="false" isGetter="true" isSetter="false">
              <MetadataToken>100663343</MetadataToken>
              <Name>System.Double SharpGeometry.EqualityComparer.Point3DComparer::get_Tolerance()</Name>
              <FileRef uid="3" />
              <SequencePoints />
              <BranchPoints />
            </Method>
            <Method visited="true" cyclomaticComplexity="2" nPathComplexity="2" sequenceCoverage="100" branchCoverage="100" isConstructor="true" isStatic="false" isGetter="false" isSetter="false">
              <Summary numSequencePoints="5" visitedSequencePoints="5" numBranchPoints="3" visitedBranchPoints="3" sequenceCoverage="100" branchCoverage="100" maxCyclomaticComplexity="2" minCyclomaticComplexity="2" visitedClasses="0" numClasses="0" visitedMethods="1" numMethods="1" />
              <MetadataToken>100663342</MetadataToken>
              <Name>System.Void SharpGeometry.EqualityComparer.Point3DComparer::.ctor(System.Double)</Name>
              <FileRef uid="3" />
              <SequencePoints>
                <SequencePoint vc="5" uspid="150" ordinal="0" offset="0" sl="18" sc="9" el="18" ec="49" bec="0" bev="0" fileid="3" />
                <SequencePoint vc="5" uspid="151" ordinal="1" offset="6" sl="20" sc="13" el="20" ec="32" bec="2" bev="2" fileid="3" />
                <SequencePoint vc="2" uspid="152" ordinal="2" offset="18" sl="22" sc="17" el="22" ec="74" bec="0" bev="0" fileid="3" />
                <SequencePoint vc="3" uspid="153" ordinal="3" offset="29" sl="24" sc="13" el="24" ec="40" bec="0" bev="0" fileid="3" />
                <SequencePoint vc="3" uspid="154" ordinal="4" offset="36" sl="25" sc="9" el="25" ec="10" bec="0" bev="0" fileid="3" />
              </SequencePoints>
              <BranchPoints>
                <BranchPoint vc="2" uspid="155" ordinal="0" offset="16" sl="20" path="0" offsetend="18" fileid="3" />
                <BranchPoint vc="3" uspid="156" ordinal="1" offset="16" sl="20" path="1" offsetend="29" fileid="3" />
              </BranchPoints>
              <MethodPoint xsi:type="SequencePoint" vc="5" uspid="150" ordinal="0" offset="0" sl="18" sc="9" el="18" ec="49" bec="0" bev="0" fileid="3" />
            </Method>
            <Method visited="true" cyclomaticComplexity="3" nPathComplexity="0" sequenceCoverage="100" branchCoverage="100" isConstructor="false" isStatic="false" isGetter="false" isSetter="false">
              <Summary numSequencePoints="1" visitedSequencePoints="1" numBranchPoints="1" visitedBranchPoints="1" sequenceCoverage="100" branchCoverage="100" maxCyclomaticComplexity="3" minCyclomaticComplexity="3" visitedClasses="0" numClasses="0" visitedMethods="1" numMethods="1" />
              <MetadataToken>100663344</MetadataToken>
              <Name>System.Boolean SharpGeometry.EqualityComparer.Point3DComparer::Equals(SharpGeometry.Point3D,SharpGeometry.Point3D)</Name>
              <FileRef uid="3" />
              <SequencePoints>
                <SequencePoint vc="13260569" uspid="157" ordinal="0" offset="0" sl="35" sc="13" el="37" ec="58" bec="0" bev="0" fileid="3" />
              </SequencePoints>
              <BranchPoints />
              <MethodPoint xsi:type="SequencePoint" vc="13260569" uspid="157" ordinal="0" offset="0" sl="35" sc="13" el="37" ec="58" bec="0" bev="0" fileid="3" />
            </Method>
            <Method visited="true" cyclomaticComplexity="1" nPathComplexity="0" sequenceCoverage="100" branchCoverage="100" isConstructor="false" isStatic="false" isGetter="false" isSetter="false">
              <Summary numSequencePoints="1" visitedSequencePoints="1" numBranchPoints="1" visitedBranchPoints="1" sequenceCoverage="100" branchCoverage="100" maxCyclomaticComplexity="1" minCyclomaticComplexity="1" visitedClasses="0" numClasses="0" visitedMethods="1" numMethods="1" />
              <MetadataToken>100663345</MetadataToken>
              <Name>System.Int32 SharpGeometry.EqualityComparer.Point3DComparer::GetHashCode(SharpGeometry.Point3D)</Name>
              <FileRef uid="3" />
              <SequencePoints>
                <SequencePoint vc="100000" uspid="162" ordinal="0" offset="0" sl="45" sc="13" el="45" ec="22" bec="0" bev="0" fileid="3" />
              </SequencePoints>
              <BranchPoints />
              <MethodPoint xsi:type="SequencePoint" vc="100000" uspid="162" ordinal="0" offset="0" sl="45" sc="13" el="45" ec="22" bec="0" bev="0" fileid="3" />
            </Method>
          </Methods>
        </Class>
        <Class>
          <Summary numSequencePoints="7" visitedSequencePoints="7" numBranchPoints="5" visitedBranchPoints="5" sequenceCoverage="100" branchCoverage="100" maxCyclomaticComplexity="3" minCyclomaticComplexity="1" visitedClasses="1" numClasses="1" visitedMethods="3" numMethods="3" />
          <FullName>SharpGeometry.EqualityComparer.Vector3DComparer</FullName>
          <Methods>
            <Method skippedDueTo="AutoImplementedProperty" visited="false" cyclomaticComplexity="1" nPathComplexity="0" sequenceCoverage="0" branchCoverage="0" isConstructor="false" isStatic="false" isGetter="true" isSetter="false">
              <MetadataToken>100663347</MetadataToken>
              <Name>System.Double SharpGeometry.EqualityComparer.Vector3DComparer::get_Tolerance()</Name>
              <FileRef uid="4" />
              <SequencePoints />
              <BranchPoints />
            </Method>
            <Method visited="true" cyclomaticComplexity="2" nPathComplexity="2" sequenceCoverage="100" branchCoverage="100" isConstructor="true" isStatic="false" isGetter="false" isSetter="false">
              <Summary numSequencePoints="5" visitedSequencePoints="5" numBranchPoints="3" visitedBranchPoints="3" sequenceCoverage="100" branchCoverage="100" maxCyclomaticComplexity="2" minCyclomaticComplexity="2" visitedClasses="0" numClasses="0" visitedMethods="1" numMethods="1" />
              <MetadataToken>100663346</MetadataToken>
              <Name>System.Void SharpGeometry.EqualityComparer.Vector3DComparer::.ctor(System.Double)</Name>
              <FileRef uid="4" />
              <SequencePoints>
                <SequencePoint vc="6" uspid="163" ordinal="0" offset="0" sl="15" sc="9" el="15" ec="50" bec="0" bev="0" fileid="4" />
                <SequencePoint vc="6" uspid="164" ordinal="1" offset="6" sl="17" sc="13" el="17" ec="32" bec="2" bev="2" fileid="4" />
                <SequencePoint vc="2" uspid="165" ordinal="2" offset="18" sl="19" sc="17" el="19" ec="74" bec="0" bev="0" fileid="4" />
                <SequencePoint vc="4" uspid="166" ordinal="3" offset="29" sl="21" sc="13" el="21" ec="40" bec="0" bev="0" fileid="4" />
                <SequencePoint vc="4" uspid="167" ordinal="4" offset="36" sl="22" sc="9" el="22" ec="10" bec="0" bev="0" fileid="4" />
              </SequencePoints>
              <BranchPoints>
                <BranchPoint vc="2" uspid="168" ordinal="0" offset="16" sl="17" path="0" offsetend="18" fileid="4" />
                <BranchPoint vc="4" uspid="169" ordinal="1" offset="16" sl="17" path="1" offsetend="29" fileid="4" />
              </BranchPoints>
              <MethodPoint xsi:type="SequencePoint" vc="6" uspid="163" ordinal="0" offset="0" sl="15" sc="9" el="15" ec="50" bec="0" bev="0" fileid="4" />
            </Method>
            <Method visited="true" cyclomaticComplexity="3" nPathComplexity="0" sequenceCoverage="100" branchCoverage="100" isConstructor="false" isStatic="false" isGetter="false" isSetter="false">
              <Summary numSequencePoints="1" visitedSequencePoints="1" numBranchPoints="1" visitedBranchPoints="1" sequenceCoverage="100" branchCoverage="100" maxCyclomaticComplexity="3" minCyclomaticComplexity="3" visitedClasses="0" numClasses="0" visitedMethods="1" numMethods="1" />
              <MetadataToken>100663348</MetadataToken>
              <Name>System.Boolean SharpGeometry.EqualityComparer.Vector3DComparer::Equals(SharpGeometry.Vector3D,SharpGeometry.Vector3D)</Name>
              <FileRef uid="4" />
              <SequencePoints>
                <SequencePoint vc="13260574" uspid="170" ordinal="0" offset="0" sl="32" sc="13" el="34" ec="58" bec="0" bev="0" fileid="4" />
              </SequencePoints>
              <BranchPoints />
              <MethodPoint xsi:type="SequencePoint" vc="13260574" uspid="170" ordinal="0" offset="0" sl="32" sc="13" el="34" ec="58" bec="0" bev="0" fileid="4" />
            </Method>
            <Method visited="true" cyclomaticComplexity="1" nPathComplexity="0" sequenceCoverage="100" branchCoverage="100" isConstructor="false" isStatic="false" isGetter="false" isSetter="false">
              <Summary numSequencePoints="1" visitedSequencePoints="1" numBranchPoints="1" visitedBranchPoints="1" sequenceCoverage="100" branchCoverage="100" maxCyclomaticComplexity="1" minCyclomaticComplexity="1" visitedClasses="0" numClasses="0" visitedMethods="1" numMethods="1" />
              <MetadataToken>100663349</MetadataToken>
              <Name>System.Int32 SharpGeometry.EqualityComparer.Vector3DComparer::GetHashCode(SharpGeometry.Vector3D)</Name>
              <FileRef uid="4" />
              <SequencePoints>
                <SequencePoint vc="100000" uspid="175" ordinal="0" offset="0" sl="42" sc="13" el="42" ec="22" bec="0" bev="0" fileid="4" />
              </SequencePoints>
              <BranchPoints />
              <MethodPoint xsi:type="SequencePoint" vc="100000" uspid="175" ordinal="0" offset="0" sl="42" sc="13" el="42" ec="22" bec="0" bev="0" fileid="4" />
            </Method>
          </Methods>
        </Class>
      </Classes>
    </Module>
    <Module skippedDueTo="Filter" hash="BC-7B-32-7E-3E-36-53-9E-4D-AA-4E-5B-B4-19-E7-43-BE-B4-5F-42">
      <ModulePath>C:\WINDOWS\Microsoft.Net\assembly\GAC_MSIL\System.Runtime\v4.0_4.0.0.0__b03f5f7f11d50a3a\System.Runtime.dll</ModulePath>
      <ModuleTime>2015-10-30T07:19:38.1276408Z</ModuleTime>
      <ModuleName>System.Runtime</ModuleName>
      <Classes />
    </Module>
    <Module skippedDueTo="Filter" hash="6D-E2-C1-DC-D0-43-62-D5-0D-26-7F-96-9C-67-32-F2-C7-1C-04-6F">
      <ModulePath>C:\WINDOWS\Microsoft.Net\assembly\GAC_MSIL\System.Core\v4.0_4.0.0.0__b77a5c561934e089\System.Core.dll</ModulePath>
      <ModuleTime>2015-10-30T07:19:34.0182785Z</ModuleTime>
      <ModuleName>System.Core</ModuleName>
      <Classes />
    </Module>
    <Module skippedDueTo="Filter" hash="14-44-50-38-34-98-5F-C6-45-8B-50-B5-CF-D7-E1-0A-28-8F-5E-E8">
      <ModulePath>C:\WINDOWS\Microsoft.Net\assembly\GAC_MSIL\System.Xml\v4.0_4.0.0.0__b77a5c561934e089\System.Xml.dll</ModulePath>
      <ModuleTime>2016-01-23T02:45:41.3556585Z</ModuleTime>
      <ModuleName>System.Xml</ModuleName>
      <Classes />
    </Module>
    <Module skippedDueTo="MissingPdb" hash="4A-AB-3A-52-F7-86-59-EE-05-10-87-03-2E-4D-3A-36-AC-C6-01-07">
      <ModulePath>C:\Users\Patrick\Github\SharpGeometry\Source\packages\NUnit.Console.3.0.1\tools\addins\vs-project-loader.dll</ModulePath>
      <ModuleTime>2016-03-02T22:37:29.2717957Z</ModuleTime>
      <ModuleName>vs-project-loader</ModuleName>
      <Classes />
    </Module>
    <Module skippedDueTo="Filter" hash="CF-AD-A8-7D-83-C3-74-19-7F-52-33-38-66-68-98-BD-CD-17-3B-31">
      <ModulePath>C:\WINDOWS\Microsoft.Net\assembly\GAC_MSIL\System.Runtime.Serialization\v4.0_4.0.0.0__b77a5c561934e089\System.Runtime.Serialization.dll</ModulePath>
      <ModuleTime>2015-10-30T07:19:34.252655Z</ModuleTime>
      <ModuleName>System.Runtime.Serialization</ModuleName>
      <Classes />
    </Module>
    <Module skippedDueTo="Filter" hash="87-3B-9D-CF-30-98-AC-50-63-6C-0D-B3-D1-ED-28-30-82-DA-59-6B">
      <ModulePath>C:\WINDOWS\Microsoft.Net\assembly\GAC_MSIL\System.Globalization\v4.0_4.0.0.0__b03f5f7f11d50a3a\System.Globalization.dll</ModulePath>
      <ModuleTime>2015-10-30T07:19:34.2682781Z</ModuleTime>
      <ModuleName>System.Globalization</ModuleName>
      <Classes />
    </Module>
    <Module skippedDueTo="MissingPdb" hash="8F-70-78-59-BF-68-03-4B-72-05-C7-8F-77-35-D6-EA-F5-1A-E9-A2">
      <ModulePath>C:\WINDOWS\Microsoft.Net\assembly\GAC_MSIL\SMDiagnostics\v4.0_4.0.0.0__b77a5c561934e089\SMDiagnostics.dll</ModulePath>
      <ModuleTime>2015-10-30T07:19:33.9870299Z</ModuleTime>
      <ModuleName>SMDiagnostics</ModuleName>
      <Classes />
    </Module>
    <Module skippedDueTo="Filter" hash="0C-16-0F-C8-EC-4E-43-FA-69-12-DF-E3-A6-11-D1-59-9C-98-AD-4B">
      <ModulePath>C:\WINDOWS\Microsoft.Net\assembly\GAC_MSIL\System.ServiceModel.Internals\v4.0_4.0.0.0__31bf3856ad364e35\System.ServiceModel.Internals.dll</ModulePath>
      <ModuleTime>2015-10-30T07:19:36.1745219Z</ModuleTime>
      <ModuleName>System.ServiceModel.Internals</ModuleName>
      <Classes />
    </Module>
    <Module skippedDueTo="Filter" hash="49-F6-B9-FA-89-1F-12-21-02-F2-B4-EB-98-8E-A0-5F-9D-8D-B9-EB">
      <ModulePath>C:\WINDOWS\Microsoft.Net\assembly\GAC_MSIL\System.Configuration\v4.0_4.0.0.0__b03f5f7f11d50a3a\System.Configuration.dll</ModulePath>
      <ModuleTime>2015-10-30T07:19:36.3463962Z</ModuleTime>
      <ModuleName>System.Configuration</ModuleName>
      <Classes />
    </Module>
    <Module skippedDueTo="Filter" hash="C6-B9-18-C1-77-83-91-C4-4C-9A-49-E6-62-14-E3-28-A5-A8-C3-AC">
      <ModulePath>C:\WINDOWS\Microsoft.Net\assembly\GAC_MSIL\System.Runtime.Serialization.Primitives\v4.0_4.0.0.0__b03f5f7f11d50a3a\System.Runtime.Serialization.Primitives.dll</ModulePath>
      <ModuleTime>2015-10-30T07:19:38.1432662Z</ModuleTime>
      <ModuleName>System.Runtime.Serialization.Primitives</ModuleName>
      <Classes />
    </Module>
    <Module skippedDueTo="Filter" hash="58-F7-A7-3C-2F-01-BC-99-AA-F6-3C-A1-7B-FF-F7-37-62-A4-78-8F">
      <ModulePath>C:\WINDOWS\Microsoft.Net\assembly\GAC_MSIL\System.Resources.ResourceManager\v4.0_4.0.0.0__b03f5f7f11d50a3a\System.Resources.ResourceManager.dll</ModulePath>
      <ModuleTime>2015-10-30T07:19:34.2057783Z</ModuleTime>
      <ModuleName>System.Resources.ResourceManager</ModuleName>
      <Classes />
    </Module>
    <Module skippedDueTo="Filter" hash="76-72-DF-79-B5-C3-AE-95-8D-94-D2-BE-29-9A-D6-F7-C3-BD-5A-60">
      <ModulePath>C:\WINDOWS\Microsoft.Net\assembly\GAC_MSIL\System.Runtime.Serialization.resources\v4.0_4.0.0.0_de_b77a5c561934e089\System.Runtime.Serialization.resources.dll</ModulePath>
      <ModuleTime>2015-10-30T18:34:24.4858336Z</ModuleTime>
      <ModuleName>System.RunTime.Serialization.resources</ModuleName>
      <Classes />
    </Module>
    <Module skippedDueTo="Filter" hash="05-17-DF-AC-99-ED-5F-0A-7A-E8-E6-CB-11-3D-E0-0B-D1-E4-59-C7">
      <ModulePath>C:\WINDOWS\Microsoft.Net\assembly\GAC_MSIL\System.Runtime.Extensions\v4.0_4.0.0.0__b03f5f7f11d50a3a\System.Runtime.Extensions.dll</ModulePath>
      <ModuleTime>2015-10-30T07:19:38.0495167Z</ModuleTime>
      <ModuleName>System.Runtime.Extensions</ModuleName>
      <Classes />
    </Module>
    <Module skippedDueTo="Filter" hash="D6-0B-F7-EC-B9-EE-52-DD-80-D6-26-C8-E4-C6-40-87-B8-E5-FC-2E">
      <ModulePath>C:\WINDOWS\Microsoft.Net\assembly\GAC_MSIL\mscorlib.resources\v4.0_4.0.0.0_de_b77a5c561934e089\mscorlib.resources.dll</ModulePath>
      <ModuleTime>2015-10-30T18:34:22.7642681Z</ModuleTime>
      <ModuleName>mscorlib.resources</ModuleName>
      <Classes />
    </Module>
    <Module skippedDueTo="Filter" hash="D6-0B-F7-EC-B9-EE-52-DD-80-D6-26-C8-E4-C6-40-87-B8-E5-FC-2E">
      <ModulePath>C:\WINDOWS\Microsoft.Net\assembly\GAC_MSIL\mscorlib.resources\v4.0_4.0.0.0_de_b77a5c561934e089\mscorlib.resources.dll</ModulePath>
      <ModuleTime>2015-10-30T18:34:22.7642681Z</ModuleTime>
      <ModuleName>mscorlib.resources</ModuleName>
      <Classes />
    </Module>
  </Modules>
</CoverageSession>